> Executing step 0
>> Running router on osm.passenger.trips.xml
>>> Begin time: 2024-10-18 13:59:34.208238
>>> End time: 2024-10-18 13:59:36.610907
>>> Duration: 0:00:02.402669
<<
>> Running simulation
>>> Begin time: 2024-10-18 13:59:36.610978
>>> End time: 2024-10-18 13:59:43.292614
>>> Duration: 0:00:06.681636
<<
< Step 0 ended (duration: 0:00:09.091545)
------------------

> Executing step 1
>> Running router on 000/osm.passenger_000.rou.alt.xml
>>> Begin time: 2024-10-18 13:59:43.313096
>>> End time: 2024-10-18 13:59:45.266309
>>> Duration: 0:00:01.953213
<<
>> Running simulation
>>> Begin time: 2024-10-18 13:59:45.266375
>>> End time: 2024-10-18 13:59:50.212720
>>> Duration: 0:00:04.946345
<<
< Step 1 ended (duration: 0:00:06.901931)
------------------

> Executing step 2
>> Running router on 001/osm.passenger_001.rou.alt.xml
>>> Begin time: 2024-10-18 13:59:50.224176
>>> End time: 2024-10-18 13:59:52.068512
>>> Duration: 0:00:01.844336
<<
>> Running simulation
>>> Begin time: 2024-10-18 13:59:52.068599
>>> End time: 2024-10-18 13:59:56.482184
>>> Duration: 0:00:04.413585
<<
< Step 2 ended (duration: 0:00:06.259424)
------------------

> Executing step 3
>> Running router on 002/osm.passenger_002.rou.alt.xml
>>> Begin time: 2024-10-18 13:59:56.492260
>>> End time: 2024-10-18 13:59:58.335693
>>> Duration: 0:00:01.843433
<<
>> Running simulation
>>> Begin time: 2024-10-18 13:59:58.335769
>>> End time: 2024-10-18 14:00:02.531394
>>> Duration: 0:00:04.195625
<<
< Step 3 ended (duration: 0:00:06.039296)
------------------

> Executing step 4
>> Running router on 003/osm.passenger_003.rou.alt.xml
>>> Begin time: 2024-10-18 14:00:02.538562
>>> End time: 2024-10-18 14:00:04.306179
>>> Duration: 0:00:01.767617
<<
>> Running simulation
>>> Begin time: 2024-10-18 14:00:04.306236
>>> End time: 2024-10-18 14:00:08.523845
>>> Duration: 0:00:04.217609
<<
< Step 4 ended (duration: 0:00:05.985403)
------------------

dua-iterate ended (duration: 0:00:34.321229)
